This file contains any messages produced by compilers while
running configure, to aid debugging if configure makes a mistake.

It was created by sort-merge-joins configure 1.4, which was
generated by GNU Autoconf 2.69.  Invocation command line was

  $ ./configure 

## --------- ##
## Platform. ##
## --------- ##

hostname = debian
uname -m = x86_64
uname -r = 4.2.1
uname -s = Linux
uname -v = #1 SMP Thu Sep 24 02:08:29 EDT 2015

/usr/bin/uname -p = unknown
/bin/uname -X     = unknown

/bin/arch              = unknown
/usr/bin/arch -k       = unknown
/usr/convex/getsysinfo = unknown
/usr/bin/hostinfo      = unknown
/bin/machine           = unknown
/usr/bin/oslevel       = unknown
/bin/universe          = unknown

PATH: /root/pyenv-master/shims
PATH: /root/pyenv-master/bin
PATH: /root/Impala/thirdparty/hbase-1.0.0-cdh5.7.0-SNAPSHOT//bin
PATH: /root/Impala/thirdparty/hive-1.1.0-cdh5.7.0-SNAPSHOT//bin
PATH: /root/Impala/thirdparty/hadoop-2.6.0-cdh5.7.0-SNAPSHOT//bin
PATH: /root/Impala/bin
PATH: .
PATH: /root/jdk1.8.0_60/bin
PATH: /usr/local/sbin
PATH: /usr/local/bin
PATH: /usr/sbin
PATH: /usr/bin
PATH: /sbin
PATH: /bin
PATH: /opt/intel/bin


## ----------- ##
## Core tests. ##
## ----------- ##

configure:2461: checking for a BSD-compatible install
configure:2529: result: /usr/bin/install -c
configure:2540: checking whether build environment is sane
configure:2595: result: yes
configure:2746: checking for a thread-safe mkdir -p
configure:2785: result: /bin/mkdir -p
configure:2792: checking for gawk
configure:2822: result: no
configure:2792: checking for mawk
configure:2808: found /usr/bin/mawk
configure:2819: result: mawk
configure:2830: checking whether make sets $(MAKE)
configure:2852: result: yes
configure:2881: checking whether make supports nested variables
configure:2898: result: yes
configure:3032: checking for gcc
configure:3059: result: c++
configure:3288: checking for C compiler version
configure:3297: c++ --version >&5
c++ (Debian 4.9.2-10) 4.9.2
Copyright (C) 2014 Free Software Foundation, Inc.
This is free software; see the source for copying conditions.  There is NO
warranty; not even for MERCHANTABILITY or FITNESS FOR A PARTICULAR PURPOSE.

configure:3308: $? = 0
configure:3297: c++ -v >&5
Using built-in specs.
COLLECT_GCC=c++
COLLECT_LTO_WRAPPER=/usr/lib/gcc/x86_64-linux-gnu/4.9/lto-wrapper
Target: x86_64-linux-gnu
Configured with: ../src/configure -v --with-pkgversion='Debian 4.9.2-10' --with-bugurl=file:///usr/share/doc/gcc-4.9/README.Bugs --enable-languages=c,c++,java,go,d,fortran,objc,obj-c++ --prefix=/usr --program-suffix=-4.9 --enable-shared --enable-linker-build-id --libexecdir=/usr/lib --without-included-gettext --enable-threads=posix --with-gxx-include-dir=/usr/include/c++/4.9 --libdir=/usr/lib --enable-nls --with-sysroot=/ --enable-clocale=gnu --enable-libstdcxx-debug --enable-libstdcxx-time=yes --enable-gnu-unique-object --disable-vtable-verify --enable-plugin --with-system-zlib --disable-browser-plugin --enable-java-awt=gtk --enable-gtk-cairo --with-java-home=/usr/lib/jvm/java-1.5.0-gcj-4.9-amd64/jre --enable-java-home --with-jvm-root-dir=/usr/lib/jvm/java-1.5.0-gcj-4.9-amd64 --with-jvm-jar-dir=/usr/lib/jvm-exports/java-1.5.0-gcj-4.9-amd64 --with-arch-directory=amd64 --with-ecj-jar=/usr/share/java/eclipse-ecj.jar --enable-objc-gc --enable-multiarch --with-arch-32=i586 --with-abi=m64 --with-multilib-list=m32,m64,mx32 --enable-multilib --with-tune=generic --enable-checking=release --build=x86_64-linux-gnu --host=x86_64-linux-gnu --target=x86_64-linux-gnu
Thread model: posix
gcc version 4.9.2 (Debian 4.9.2-10) 
configure:3308: $? = 0
configure:3297: c++ -V >&5
c++: error: unrecognized command line option '-V'
c++: fatal error: no input files
compilation terminated.
configure:3308: $? = 4
configure:3297: c++ -qversion >&5
c++: error: unrecognized command line option '-qversion'
c++: fatal error: no input files
compilation terminated.
configure:3308: $? = 4
configure:3328: checking whether the C compiler works
configure:3350: c++    conftest.c  >&5
configure:3354: $? = 0
configure:3402: result: yes
configure:3405: checking for C compiler default output file name
configure:3407: result: a.out
configure:3413: checking for suffix of executables
configure:3420: c++ -o conftest    conftest.c  >&5
configure:3424: $? = 0
configure:3446: result: 
configure:3468: checking whether we are cross compiling
configure:3476: c++ -o conftest    conftest.c  >&5
configure:3480: $? = 0
configure:3487: ./conftest
configure:3491: $? = 0
configure:3506: result: no
configure:3511: checking for suffix of object files
configure:3533: c++ -c   conftest.c >&5
configure:3537: $? = 0
configure:3558: result: o
configure:3562: checking whether we are using the GNU C compiler
configure:3581: c++ -c   conftest.c >&5
configure:3581: $? = 0
configure:3590: result: yes
configure:3599: checking whether c++ accepts -g
configure:3619: c++ -c -g  conftest.c >&5
configure:3619: $? = 0
configure:3660: result: yes
configure:3677: checking for c++ option to accept ISO C89
configure:3740: c++  -c -g -O2  conftest.c >&5
conftest.c:17:17: error: 'p' was not declared in this scope
 static char *e (p, i)
                 ^
conftest.c:17:20: error: 'i' was not declared in this scope
 static char *e (p, i)
                    ^
conftest.c:17:21: error: expression list treated as compound expression in initializer [-fpermissive]
 static char *e (p, i)
                     ^
conftest.c:18:6: error: expected ',' or ';' before 'char'
      char **p;
      ^
conftest.c:20:1: error: expected unqualified-id before '{' token
 {
 ^
conftest.c: In function 'int main()':
conftest.c:56:21: error: cannot convert 'char*' to 'char* (*)(char**, int)' for argument '1' to 'char* f(char* (*)(char**, int), char**, ...)'
 return f (e, argv, 0) != argv[0]  ||  f (e, argv, 1) != argv[1];
                     ^
conftest.c:56:52: error: cannot convert 'char*' to 'char* (*)(char**, int)' for argument '1' to 'char* f(char* (*)(char**, int), char**, ...)'
 return f (e, argv, 0) != argv[0]  ||  f (e, argv, 1) != argv[1];
                                                    ^
configure:3740: $? = 1
configure: failed program was:
| /* confdefs.h */
| #define PACKAGE_NAME "sort-merge-joins"
| #define PACKAGE_TARNAME "sort-merge-joins"
| #define PACKAGE_VERSION "1.4"
| #define PACKAGE_STRING "sort-merge-joins 1.4"
| #define PACKAGE_BUGREPORT "cagri.balkesen@inf.ethz.ch"
| #define PACKAGE_URL ""
| #define PACKAGE "sort-merge-joins"
| #define VERSION "1.4"
| /* end confdefs.h.  */
| #include <stdarg.h>
| #include <stdio.h>
| struct stat;
| /* Most of the following tests are stolen from RCS 5.7's src/conf.sh.  */
| struct buf { int x; };
| FILE * (*rcsopen) (struct buf *, struct stat *, int);
| static char *e (p, i)
|      char **p;
|      int i;
| {
|   return p[i];
| }
| static char *f (char * (*g) (char **, int), char **p, ...)
| {
|   char *s;
|   va_list v;
|   va_start (v,p);
|   s = g (p, va_arg (v,int));
|   va_end (v);
|   return s;
| }
| 
| /* OSF 4.0 Compaq cc is some sort of almost-ANSI by default.  It has
|    function prototypes and stuff, but not '\xHH' hex character constants.
|    These don't provoke an error unfortunately, instead are silently treated
|    as 'x'.  The following induces an error, until -std is added to get
|    proper ANSI mode.  Curiously '\x00'!='x' always comes out true, for an
|    array size at least.  It's necessary to write '\x00'==0 to get something
|    that's true only with -std.  */
| int osf4_cc_array ['\x00' == 0 ? 1 : -1];
| 
| /* IBM C 6 for AIX is almost-ANSI by default, but it replaces macro parameters
|    inside strings and character constants.  */
| #define FOO(x) 'x'
| int xlc6_cc_array[FOO(a) == 'x' ? 1 : -1];
| 
| int test (int i, double x);
| struct s1 {int (*f) (int a);};
| struct s2 {int (*f) (double a);};
| int pairnames (int, char **, FILE *(*)(struct buf *, struct stat *, int), int, int);
| int argc;
| char **argv;
| int
| main ()
| {
| return f (e, argv, 0) != argv[0]  ||  f (e, argv, 1) != argv[1];
|   ;
|   return 0;
| }
configure:3740: c++ -qlanglvl=extc89 -c -g -O2  conftest.c >&5
c++: error: unrecognized command line option '-qlanglvl=extc89'
configure:3740: $? = 1
configure: failed program was:
| /* confdefs.h */
| #define PACKAGE_NAME "sort-merge-joins"
| #define PACKAGE_TARNAME "sort-merge-joins"
| #define PACKAGE_VERSION "1.4"
| #define PACKAGE_STRING "sort-merge-joins 1.4"
| #define PACKAGE_BUGREPORT "cagri.balkesen@inf.ethz.ch"
| #define PACKAGE_URL ""
| #define PACKAGE "sort-merge-joins"
| #define VERSION "1.4"
| /* end confdefs.h.  */
| #include <stdarg.h>
| #include <stdio.h>
| struct stat;
| /* Most of the following tests are stolen from RCS 5.7's src/conf.sh.  */
| struct buf { int x; };
| FILE * (*rcsopen) (struct buf *, struct stat *, int);
| static char *e (p, i)
|      char **p;
|      int i;
| {
|   return p[i];
| }
| static char *f (char * (*g) (char **, int), char **p, ...)
| {
|   char *s;
|   va_list v;
|   va_start (v,p);
|   s = g (p, va_arg (v,int));
|   va_end (v);
|   return s;
| }
| 
| /* OSF 4.0 Compaq cc is some sort of almost-ANSI by default.  It has
|    function prototypes and stuff, but not '\xHH' hex character constants.
|    These don't provoke an error unfortunately, instead are silently treated
|    as 'x'.  The following induces an error, until -std is added to get
|    proper ANSI mode.  Curiously '\x00'!='x' always comes out true, for an
|    array size at least.  It's necessary to write '\x00'==0 to get something
|    that's true only with -std.  */
| int osf4_cc_array ['\x00' == 0 ? 1 : -1];
| 
| /* IBM C 6 for AIX is almost-ANSI by default, but it replaces macro parameters
|    inside strings and character constants.  */
| #define FOO(x) 'x'
| int xlc6_cc_array[FOO(a) == 'x' ? 1 : -1];
| 
| int test (int i, double x);
| struct s1 {int (*f) (int a);};
| struct s2 {int (*f) (double a);};
| int pairnames (int, char **, FILE *(*)(struct buf *, struct stat *, int), int, int);
| int argc;
| char **argv;
| int
| main ()
| {
| return f (e, argv, 0) != argv[0]  ||  f (e, argv, 1) != argv[1];
|   ;
|   return 0;
| }
configure:3740: c++ -qlanglvl=ansi -c -g -O2  conftest.c >&5
c++: error: unrecognized command line option '-qlanglvl=ansi'
configure:3740: $? = 1
configure: failed program was:
| /* confdefs.h */
| #define PACKAGE_NAME "sort-merge-joins"
| #define PACKAGE_TARNAME "sort-merge-joins"
| #define PACKAGE_VERSION "1.4"
| #define PACKAGE_STRING "sort-merge-joins 1.4"
| #define PACKAGE_BUGREPORT "cagri.balkesen@inf.ethz.ch"
| #define PACKAGE_URL ""
| #define PACKAGE "sort-merge-joins"
| #define VERSION "1.4"
| /* end confdefs.h.  */
| #include <stdarg.h>
| #include <stdio.h>
| struct stat;
| /* Most of the following tests are stolen from RCS 5.7's src/conf.sh.  */
| struct buf { int x; };
| FILE * (*rcsopen) (struct buf *, struct stat *, int);
| static char *e (p, i)
|      char **p;
|      int i;
| {
|   return p[i];
| }
| static char *f (char * (*g) (char **, int), char **p, ...)
| {
|   char *s;
|   va_list v;
|   va_start (v,p);
|   s = g (p, va_arg (v,int));
|   va_end (v);
|   return s;
| }
| 
| /* OSF 4.0 Compaq cc is some sort of almost-ANSI by default.  It has
|    function prototypes and stuff, but not '\xHH' hex character constants.
|    These don't provoke an error unfortunately, instead are silently treated
|    as 'x'.  The following induces an error, until -std is added to get
|    proper ANSI mode.  Curiously '\x00'!='x' always comes out true, for an
|    array size at least.  It's necessary to write '\x00'==0 to get something
|    that's true only with -std.  */
| int osf4_cc_array ['\x00' == 0 ? 1 : -1];
| 
| /* IBM C 6 for AIX is almost-ANSI by default, but it replaces macro parameters
|    inside strings and character constants.  */
| #define FOO(x) 'x'
| int xlc6_cc_array[FOO(a) == 'x' ? 1 : -1];
| 
| int test (int i, double x);
| struct s1 {int (*f) (int a);};
| struct s2 {int (*f) (double a);};
| int pairnames (int, char **, FILE *(*)(struct buf *, struct stat *, int), int, int);
| int argc;
| char **argv;
| int
| main ()
| {
| return f (e, argv, 0) != argv[0]  ||  f (e, argv, 1) != argv[1];
|   ;
|   return 0;
| }
configure:3740: c++ -std -c -g -O2  conftest.c >&5
c++: error: unrecognized command line option '-std'
configure:3740: $? = 1
configure: failed program was:
| /* confdefs.h */
| #define PACKAGE_NAME "sort-merge-joins"
| #define PACKAGE_TARNAME "sort-merge-joins"
| #define PACKAGE_VERSION "1.4"
| #define PACKAGE_STRING "sort-merge-joins 1.4"
| #define PACKAGE_BUGREPORT "cagri.balkesen@inf.ethz.ch"
| #define PACKAGE_URL ""
| #define PACKAGE "sort-merge-joins"
| #define VERSION "1.4"
| /* end confdefs.h.  */
| #include <stdarg.h>
| #include <stdio.h>
| struct stat;
| /* Most of the following tests are stolen from RCS 5.7's src/conf.sh.  */
| struct buf { int x; };
| FILE * (*rcsopen) (struct buf *, struct stat *, int);
| static char *e (p, i)
|      char **p;
|      int i;
| {
|   return p[i];
| }
| static char *f (char * (*g) (char **, int), char **p, ...)
| {
|   char *s;
|   va_list v;
|   va_start (v,p);
|   s = g (p, va_arg (v,int));
|   va_end (v);
|   return s;
| }
| 
| /* OSF 4.0 Compaq cc is some sort of almost-ANSI by default.  It has
|    function prototypes and stuff, but not '\xHH' hex character constants.
|    These don't provoke an error unfortunately, instead are silently treated
|    as 'x'.  The following induces an error, until -std is added to get
|    proper ANSI mode.  Curiously '\x00'!='x' always comes out true, for an
|    array size at least.  It's necessary to write '\x00'==0 to get something
|    that's true only with -std.  */
| int osf4_cc_array ['\x00' == 0 ? 1 : -1];
| 
| /* IBM C 6 for AIX is almost-ANSI by default, but it replaces macro parameters
|    inside strings and character constants.  */
| #define FOO(x) 'x'
| int xlc6_cc_array[FOO(a) == 'x' ? 1 : -1];
| 
| int test (int i, double x);
| struct s1 {int (*f) (int a);};
| struct s2 {int (*f) (double a);};
| int pairnames (int, char **, FILE *(*)(struct buf *, struct stat *, int), int, int);
| int argc;
| char **argv;
| int
| main ()
| {
| return f (e, argv, 0) != argv[0]  ||  f (e, argv, 1) != argv[1];
|   ;
|   return 0;
| }
configure:3740: c++ -Ae -c -g -O2  conftest.c >&5
<command-line>:0:1: error: missing '(' after predicate
conftest.c:17:17: error: 'p' was not declared in this scope
 static char *e (p, i)
                 ^
conftest.c:17:20: error: 'i' was not declared in this scope
 static char *e (p, i)
                    ^
conftest.c:17:21: error: expression list treated as compound expression in initializer [-fpermissive]
 static char *e (p, i)
                     ^
conftest.c:18:6: error: expected ',' or ';' before 'char'
      char **p;
      ^
conftest.c:20:1: error: expected unqualified-id before '{' token
 {
 ^
conftest.c: In function 'int main()':
conftest.c:56:21: error: cannot convert 'char*' to 'char* (*)(char**, int)' for argument '1' to 'char* f(char* (*)(char**, int), char**, ...)'
 return f (e, argv, 0) != argv[0]  ||  f (e, argv, 1) != argv[1];
                     ^
conftest.c:56:52: error: cannot convert 'char*' to 'char* (*)(char**, int)' for argument '1' to 'char* f(char* (*)(char**, int), char**, ...)'
 return f (e, argv, 0) != argv[0]  ||  f (e, argv, 1) != argv[1];
                                                    ^
configure:3740: $? = 1
configure: failed program was:
| /* confdefs.h */
| #define PACKAGE_NAME "sort-merge-joins"
| #define PACKAGE_TARNAME "sort-merge-joins"
| #define PACKAGE_VERSION "1.4"
| #define PACKAGE_STRING "sort-merge-joins 1.4"
| #define PACKAGE_BUGREPORT "cagri.balkesen@inf.ethz.ch"
| #define PACKAGE_URL ""
| #define PACKAGE "sort-merge-joins"
| #define VERSION "1.4"
| /* end confdefs.h.  */
| #include <stdarg.h>
| #include <stdio.h>
| struct stat;
| /* Most of the following tests are stolen from RCS 5.7's src/conf.sh.  */
| struct buf { int x; };
| FILE * (*rcsopen) (struct buf *, struct stat *, int);
| static char *e (p, i)
|      char **p;
|      int i;
| {
|   return p[i];
| }
| static char *f (char * (*g) (char **, int), char **p, ...)
| {
|   char *s;
|   va_list v;
|   va_start (v,p);
|   s = g (p, va_arg (v,int));
|   va_end (v);
|   return s;
| }
| 
| /* OSF 4.0 Compaq cc is some sort of almost-ANSI by default.  It has
|    function prototypes and stuff, but not '\xHH' hex character constants.
|    These don't provoke an error unfortunately, instead are silently treated
|    as 'x'.  The following induces an error, until -std is added to get
|    proper ANSI mode.  Curiously '\x00'!='x' always comes out true, for an
|    array size at least.  It's necessary to write '\x00'==0 to get something
|    that's true only with -std.  */
| int osf4_cc_array ['\x00' == 0 ? 1 : -1];
| 
| /* IBM C 6 for AIX is almost-ANSI by default, but it replaces macro parameters
|    inside strings and character constants.  */
| #define FOO(x) 'x'
| int xlc6_cc_array[FOO(a) == 'x' ? 1 : -1];
| 
| int test (int i, double x);
| struct s1 {int (*f) (int a);};
| struct s2 {int (*f) (double a);};
| int pairnames (int, char **, FILE *(*)(struct buf *, struct stat *, int), int, int);
| int argc;
| char **argv;
| int
| main ()
| {
| return f (e, argv, 0) != argv[0]  ||  f (e, argv, 1) != argv[1];
|   ;
|   return 0;
| }
configure:3740: c++ -Aa -D_HPUX_SOURCE -c -g -O2  conftest.c >&5
<command-line>:0:1: error: missing '(' after predicate
conftest.c:17:17: error: 'p' was not declared in this scope
 static char *e (p, i)
                 ^
conftest.c:17:20: error: 'i' was not declared in this scope
 static char *e (p, i)
                    ^
conftest.c:17:21: error: expression list treated as compound expression in initializer [-fpermissive]
 static char *e (p, i)
                     ^
conftest.c:18:6: error: expected ',' or ';' before 'char'
      char **p;
      ^
conftest.c:20:1: error: expected unqualified-id before '{' token
 {
 ^
conftest.c: In function 'int main()':
conftest.c:56:21: error: cannot convert 'char*' to 'char* (*)(char**, int)' for argument '1' to 'char* f(char* (*)(char**, int), char**, ...)'
 return f (e, argv, 0) != argv[0]  ||  f (e, argv, 1) != argv[1];
                     ^
conftest.c:56:52: error: cannot convert 'char*' to 'char* (*)(char**, int)' for argument '1' to 'char* f(char* (*)(char**, int), char**, ...)'
 return f (e, argv, 0) != argv[0]  ||  f (e, argv, 1) != argv[1];
                                                    ^
configure:3740: $? = 1
configure: failed program was:
| /* confdefs.h */
| #define PACKAGE_NAME "sort-merge-joins"
| #define PACKAGE_TARNAME "sort-merge-joins"
| #define PACKAGE_VERSION "1.4"
| #define PACKAGE_STRING "sort-merge-joins 1.4"
| #define PACKAGE_BUGREPORT "cagri.balkesen@inf.ethz.ch"
| #define PACKAGE_URL ""
| #define PACKAGE "sort-merge-joins"
| #define VERSION "1.4"
| /* end confdefs.h.  */
| #include <stdarg.h>
| #include <stdio.h>
| struct stat;
| /* Most of the following tests are stolen from RCS 5.7's src/conf.sh.  */
| struct buf { int x; };
| FILE * (*rcsopen) (struct buf *, struct stat *, int);
| static char *e (p, i)
|      char **p;
|      int i;
| {
|   return p[i];
| }
| static char *f (char * (*g) (char **, int), char **p, ...)
| {
|   char *s;
|   va_list v;
|   va_start (v,p);
|   s = g (p, va_arg (v,int));
|   va_end (v);
|   return s;
| }
| 
| /* OSF 4.0 Compaq cc is some sort of almost-ANSI by default.  It has
|    function prototypes and stuff, but not '\xHH' hex character constants.
|    These don't provoke an error unfortunately, instead are silently treated
|    as 'x'.  The following induces an error, until -std is added to get
|    proper ANSI mode.  Curiously '\x00'!='x' always comes out true, for an
|    array size at least.  It's necessary to write '\x00'==0 to get something
|    that's true only with -std.  */
| int osf4_cc_array ['\x00' == 0 ? 1 : -1];
| 
| /* IBM C 6 for AIX is almost-ANSI by default, but it replaces macro parameters
|    inside strings and character constants.  */
| #define FOO(x) 'x'
| int xlc6_cc_array[FOO(a) == 'x' ? 1 : -1];
| 
| int test (int i, double x);
| struct s1 {int (*f) (int a);};
| struct s2 {int (*f) (double a);};
| int pairnames (int, char **, FILE *(*)(struct buf *, struct stat *, int), int, int);
| int argc;
| char **argv;
| int
| main ()
| {
| return f (e, argv, 0) != argv[0]  ||  f (e, argv, 1) != argv[1];
|   ;
|   return 0;
| }
configure:3740: c++ -Xc -D__EXTENSIONS__ -c -g -O2  conftest.c >&5
c++: error: unrecognized command line option '-Xc'
configure:3740: $? = 1
configure: failed program was:
| /* confdefs.h */
| #define PACKAGE_NAME "sort-merge-joins"
| #define PACKAGE_TARNAME "sort-merge-joins"
| #define PACKAGE_VERSION "1.4"
| #define PACKAGE_STRING "sort-merge-joins 1.4"
| #define PACKAGE_BUGREPORT "cagri.balkesen@inf.ethz.ch"
| #define PACKAGE_URL ""
| #define PACKAGE "sort-merge-joins"
| #define VERSION "1.4"
| /* end confdefs.h.  */
| #include <stdarg.h>
| #include <stdio.h>
| struct stat;
| /* Most of the following tests are stolen from RCS 5.7's src/conf.sh.  */
| struct buf { int x; };
| FILE * (*rcsopen) (struct buf *, struct stat *, int);
| static char *e (p, i)
|      char **p;
|      int i;
| {
|   return p[i];
| }
| static char *f (char * (*g) (char **, int), char **p, ...)
| {
|   char *s;
|   va_list v;
|   va_start (v,p);
|   s = g (p, va_arg (v,int));
|   va_end (v);
|   return s;
| }
| 
| /* OSF 4.0 Compaq cc is some sort of almost-ANSI by default.  It has
|    function prototypes and stuff, but not '\xHH' hex character constants.
|    These don't provoke an error unfortunately, instead are silently treated
|    as 'x'.  The following induces an error, until -std is added to get
|    proper ANSI mode.  Curiously '\x00'!='x' always comes out true, for an
|    array size at least.  It's necessary to write '\x00'==0 to get something
|    that's true only with -std.  */
| int osf4_cc_array ['\x00' == 0 ? 1 : -1];
| 
| /* IBM C 6 for AIX is almost-ANSI by default, but it replaces macro parameters
|    inside strings and character constants.  */
| #define FOO(x) 'x'
| int xlc6_cc_array[FOO(a) == 'x' ? 1 : -1];
| 
| int test (int i, double x);
| struct s1 {int (*f) (int a);};
| struct s2 {int (*f) (double a);};
| int pairnames (int, char **, FILE *(*)(struct buf *, struct stat *, int), int, int);
| int argc;
| char **argv;
| int
| main ()
| {
| return f (e, argv, 0) != argv[0]  ||  f (e, argv, 1) != argv[1];
|   ;
|   return 0;
| }
configure:3756: result: unsupported
configure:3784: checking for style of include used by make
configure:3812: result: GNU
configure:3838: checking dependency style of c++
configure:3949: result: gcc3
configure:4022: checking for g++
configure:4038: found /usr/bin/g++
configure:4049: result: g++
configure:4076: checking for C++ compiler version
configure:4085: g++ --version >&5
g++ (Debian 4.9.2-10) 4.9.2
Copyright (C) 2014 Free Software Foundation, Inc.
This is free software; see the source for copying conditions.  There is NO
warranty; not even for MERCHANTABILITY or FITNESS FOR A PARTICULAR PURPOSE.

configure:4096: $? = 0
configure:4085: g++ -v >&5
Using built-in specs.
COLLECT_GCC=g++
COLLECT_LTO_WRAPPER=/usr/lib/gcc/x86_64-linux-gnu/4.9/lto-wrapper
Target: x86_64-linux-gnu
Configured with: ../src/configure -v --with-pkgversion='Debian 4.9.2-10' --with-bugurl=file:///usr/share/doc/gcc-4.9/README.Bugs --enable-languages=c,c++,java,go,d,fortran,objc,obj-c++ --prefix=/usr --program-suffix=-4.9 --enable-shared --enable-linker-build-id --libexecdir=/usr/lib --without-included-gettext --enable-threads=posix --with-gxx-include-dir=/usr/include/c++/4.9 --libdir=/usr/lib --enable-nls --with-sysroot=/ --enable-clocale=gnu --enable-libstdcxx-debug --enable-libstdcxx-time=yes --enable-gnu-unique-object --disable-vtable-verify --enable-plugin --with-system-zlib --disable-browser-plugin --enable-java-awt=gtk --enable-gtk-cairo --with-java-home=/usr/lib/jvm/java-1.5.0-gcj-4.9-amd64/jre --enable-java-home --with-jvm-root-dir=/usr/lib/jvm/java-1.5.0-gcj-4.9-amd64 --with-jvm-jar-dir=/usr/lib/jvm-exports/java-1.5.0-gcj-4.9-amd64 --with-arch-directory=amd64 --with-ecj-jar=/usr/share/java/eclipse-ecj.jar --enable-objc-gc --enable-multiarch --with-arch-32=i586 --with-abi=m64 --with-multilib-list=m32,m64,mx32 --enable-multilib --with-tune=generic --enable-checking=release --build=x86_64-linux-gnu --host=x86_64-linux-gnu --target=x86_64-linux-gnu
Thread model: posix
gcc version 4.9.2 (Debian 4.9.2-10) 
configure:4096: $? = 0
configure:4085: g++ -V >&5
g++: error: unrecognized command line option '-V'
g++: fatal error: no input files
compilation terminated.
configure:4096: $? = 4
configure:4085: g++ -qversion >&5
g++: error: unrecognized command line option '-qversion'
g++: fatal error: no input files
compilation terminated.
configure:4096: $? = 4
configure:4100: checking whether we are using the GNU C++ compiler
configure:4119: g++ -c   conftest.cpp >&5
configure:4119: $? = 0
configure:4128: result: yes
configure:4137: checking whether g++ accepts -g
configure:4157: g++ -c -g  conftest.cpp >&5
configure:4157: $? = 0
configure:4198: result: yes
configure:4223: checking dependency style of g++
configure:4334: result: gcc3
configure:4349: checking whether make sets $(MAKE)
configure:4371: result: yes
configure:4381: checking whether c++ and cc understand -c and -o together
configure:4412: c++ -c conftest.c -o conftest2.o >&5
configure:4416: $? = 0
configure:4422: c++ -c conftest.c -o conftest2.o >&5
configure:4426: $? = 0
configure:4437: cc -c conftest.c >&5
configure:4441: $? = 0
configure:4449: cc -c conftest.c -o conftest2.o >&5
configure:4453: $? = 0
configure:4459: cc -c conftest.c -o conftest2.o >&5
configure:4463: $? = 0
configure:4481: result: yes
configure:4515: checking how to run the C preprocessor
configure:4546: c++ -E  conftest.c
configure:4546: $? = 0
configure:4560: c++ -E  conftest.c
conftest.c:11:28: fatal error: ac_nonexistent.h: No such file or directory
 #include <ac_nonexistent.h>
                            ^
compilation terminated.
configure:4560: $? = 1
configure: failed program was:
| /* confdefs.h */
| #define PACKAGE_NAME "sort-merge-joins"
| #define PACKAGE_TARNAME "sort-merge-joins"
| #define PACKAGE_VERSION "1.4"
| #define PACKAGE_STRING "sort-merge-joins 1.4"
| #define PACKAGE_BUGREPORT "cagri.balkesen@inf.ethz.ch"
| #define PACKAGE_URL ""
| #define PACKAGE "sort-merge-joins"
| #define VERSION "1.4"
| /* end confdefs.h.  */
| #include <ac_nonexistent.h>
configure:4585: result: c++ -E
configure:4605: c++ -E  conftest.c
configure:4605: $? = 0
configure:4619: c++ -E  conftest.c
conftest.c:11:28: fatal error: ac_nonexistent.h: No such file or directory
 #include <ac_nonexistent.h>
                            ^
compilation terminated.
configure:4619: $? = 1
configure: failed program was:
| /* confdefs.h */
| #define PACKAGE_NAME "sort-merge-joins"
| #define PACKAGE_TARNAME "sort-merge-joins"
| #define PACKAGE_VERSION "1.4"
| #define PACKAGE_STRING "sort-merge-joins 1.4"
| #define PACKAGE_BUGREPORT "cagri.balkesen@inf.ethz.ch"
| #define PACKAGE_URL ""
| #define PACKAGE "sort-merge-joins"
| #define VERSION "1.4"
| /* end confdefs.h.  */
| #include <ac_nonexistent.h>
configure:4648: checking for grep that handles long lines and -e
configure:4706: result: /bin/grep
configure:4711: checking for egrep
configure:4773: result: /bin/grep -E
configure:4778: checking for ANSI C header files
configure:4798: c++ -c -g -O2  conftest.c >&5
configure:4798: $? = 0
configure:4871: c++ -o conftest -g -O2   conftest.c  >&5
configure:4871: $? = 0
configure:4871: ./conftest
configure:4871: $? = 0
configure:4882: result: yes
configure:4895: checking for sys/types.h
configure:4895: c++ -c -g -O2  conftest.c >&5
configure:4895: $? = 0
configure:4895: result: yes
configure:4895: checking for sys/stat.h
configure:4895: c++ -c -g -O2  conftest.c >&5
configure:4895: $? = 0
configure:4895: result: yes
configure:4895: checking for stdlib.h
configure:4895: c++ -c -g -O2  conftest.c >&5
configure:4895: $? = 0
configure:4895: result: yes
configure:4895: checking for string.h
configure:4895: c++ -c -g -O2  conftest.c >&5
configure:4895: $? = 0
configure:4895: result: yes
configure:4895: checking for memory.h
configure:4895: c++ -c -g -O2  conftest.c >&5
configure:4895: $? = 0
configure:4895: result: yes
configure:4895: checking for strings.h
configure:4895: c++ -c -g -O2  conftest.c >&5
configure:4895: $? = 0
configure:4895: result: yes
configure:4895: checking for inttypes.h
configure:4895: c++ -c -g -O2  conftest.c >&5
configure:4895: $? = 0
configure:4895: result: yes
configure:4895: checking for stdint.h
configure:4895: c++ -c -g -O2  conftest.c >&5
configure:4895: $? = 0
configure:4895: result: yes
configure:4895: checking for unistd.h
configure:4895: c++ -c -g -O2  conftest.c >&5
configure:4895: $? = 0
configure:4895: result: yes
configure:4910: checking for stdint.h
configure:4910: result: yes
configure:4910: checking for stdlib.h
configure:4910: result: yes
configure:4910: checking for string.h
configure:4910: result: yes
configure:4910: checking sys/time.h usability
configure:4910: c++ -c -g -O2  conftest.c >&5
configure:4910: $? = 0
configure:4910: result: yes
configure:4910: checking sys/time.h presence
configure:4910: c++ -E  conftest.c
configure:4910: $? = 0
configure:4910: result: yes
configure:4910: checking for sys/time.h
configure:4910: result: yes
configure:4910: checking for unistd.h
configure:4910: result: yes
configure:4922: checking for inline
configure:4938: c++ -c -g -O2  conftest.c >&5
configure:4938: $? = 0
configure:4946: result: inline
configure:4964: checking for int16_t
configure:4964: c++ -c -g -O2  conftest.c >&5
configure:4964: $? = 0
configure:4964: c++ -c -g -O2  conftest.c >&5
conftest.c: In function 'int main()':
conftest.c:64:58: error: size of array 'test_array' is negative
    < (int16_t) (((((int16_t) 1 << N) << N) - 1) * 2 + 2))];
                                                          ^
configure:4964: $? = 1
configure: failed program was:
| /* confdefs.h */
| #define PACKAGE_NAME "sort-merge-joins"
| #define PACKAGE_TARNAME "sort-merge-joins"
| #define PACKAGE_VERSION "1.4"
| #define PACKAGE_STRING "sort-merge-joins 1.4"
| #define PACKAGE_BUGREPORT "cagri.balkesen@inf.ethz.ch"
| #define PACKAGE_URL ""
| #define PACKAGE "sort-merge-joins"
| #define VERSION "1.4"
| #define STDC_HEADERS 1
| #define HAVE_SYS_TYPES_H 1
| #define HAVE_SYS_STAT_H 1
| #define HAVE_STDLIB_H 1
| #define HAVE_STRING_H 1
| #define HAVE_MEMORY_H 1
| #define HAVE_STRINGS_H 1
| #define HAVE_INTTYPES_H 1
| #define HAVE_STDINT_H 1
| #define HAVE_UNISTD_H 1
| #define HAVE_STDINT_H 1
| #define HAVE_STDLIB_H 1
| #define HAVE_STRING_H 1
| #define HAVE_SYS_TIME_H 1
| #define HAVE_UNISTD_H 1
| /* end confdefs.h.  */
| #include <stdio.h>
| #ifdef HAVE_SYS_TYPES_H
| # include <sys/types.h>
| #endif
| #ifdef HAVE_SYS_STAT_H
| # include <sys/stat.h>
| #endif
| #ifdef STDC_HEADERS
| # include <stdlib.h>
| # include <stddef.h>
| #else
| # ifdef HAVE_STDLIB_H
| #  include <stdlib.h>
| # endif
| #endif
| #ifdef HAVE_STRING_H
| # if !defined STDC_HEADERS && defined HAVE_MEMORY_H
| #  include <memory.h>
| # endif
| # include <string.h>
| #endif
| #ifdef HAVE_STRINGS_H
| # include <strings.h>
| #endif
| #ifdef HAVE_INTTYPES_H
| # include <inttypes.h>
| #endif
| #ifdef HAVE_STDINT_H
| # include <stdint.h>
| #endif
| #ifdef HAVE_UNISTD_H
| # include <unistd.h>
| #endif
| 	        enum { N = 16 / 2 - 1 };
| int
| main ()
| {
| static int test_array [1 - 2 * !((int16_t) (((((int16_t) 1 << N) << N) - 1) * 2 + 1)
| 		 < (int16_t) (((((int16_t) 1 << N) << N) - 1) * 2 + 2))];
| test_array [0] = 0;
| return test_array [0];
| 
|   ;
|   return 0;
| }
configure:4964: result: yes
configure:4975: checking for int32_t
configure:4975: c++ -c -g -O2  conftest.c >&5
configure:4975: $? = 0
configure:4975: c++ -c -g -O2  conftest.c >&5
conftest.c: In function 'int main()':
conftest.c:64:53: warning: integer overflow in expression [-Woverflow]
    < (int32_t) (((((int32_t) 1 << N) << N) - 1) * 2 + 2))];
                                                     ^
conftest.c:64:58: error: size of array 'test_array' is negative
    < (int32_t) (((((int32_t) 1 << N) << N) - 1) * 2 + 2))];
                                                          ^
configure:4975: $? = 1
configure: failed program was:
| /* confdefs.h */
| #define PACKAGE_NAME "sort-merge-joins"
| #define PACKAGE_TARNAME "sort-merge-joins"
| #define PACKAGE_VERSION "1.4"
| #define PACKAGE_STRING "sort-merge-joins 1.4"
| #define PACKAGE_BUGREPORT "cagri.balkesen@inf.ethz.ch"
| #define PACKAGE_URL ""
| #define PACKAGE "sort-merge-joins"
| #define VERSION "1.4"
| #define STDC_HEADERS 1
| #define HAVE_SYS_TYPES_H 1
| #define HAVE_SYS_STAT_H 1
| #define HAVE_STDLIB_H 1
| #define HAVE_STRING_H 1
| #define HAVE_MEMORY_H 1
| #define HAVE_STRINGS_H 1
| #define HAVE_INTTYPES_H 1
| #define HAVE_STDINT_H 1
| #define HAVE_UNISTD_H 1
| #define HAVE_STDINT_H 1
| #define HAVE_STDLIB_H 1
| #define HAVE_STRING_H 1
| #define HAVE_SYS_TIME_H 1
| #define HAVE_UNISTD_H 1
| /* end confdefs.h.  */
| #include <stdio.h>
| #ifdef HAVE_SYS_TYPES_H
| # include <sys/types.h>
| #endif
| #ifdef HAVE_SYS_STAT_H
| # include <sys/stat.h>
| #endif
| #ifdef STDC_HEADERS
| # include <stdlib.h>
| # include <stddef.h>
| #else
| # ifdef HAVE_STDLIB_H
| #  include <stdlib.h>
| # endif
| #endif
| #ifdef HAVE_STRING_H
| # if !defined STDC_HEADERS && defined HAVE_MEMORY_H
| #  include <memory.h>
| # endif
| # include <string.h>
| #endif
| #ifdef HAVE_STRINGS_H
| # include <strings.h>
| #endif
| #ifdef HAVE_INTTYPES_H
| # include <inttypes.h>
| #endif
| #ifdef HAVE_STDINT_H
| # include <stdint.h>
| #endif
| #ifdef HAVE_UNISTD_H
| # include <unistd.h>
| #endif
| 	        enum { N = 32 / 2 - 1 };
| int
| main ()
| {
| static int test_array [1 - 2 * !((int32_t) (((((int32_t) 1 << N) << N) - 1) * 2 + 1)
| 		 < (int32_t) (((((int32_t) 1 << N) << N) - 1) * 2 + 2))];
| test_array [0] = 0;
| return test_array [0];
| 
|   ;
|   return 0;
| }
configure:4975: result: yes
configure:4986: checking for int64_t
configure:4986: c++ -c -g -O2  conftest.c >&5
configure:4986: $? = 0
configure:4986: c++ -c -g -O2  conftest.c >&5
conftest.c: In function 'int main()':
conftest.c:64:53: warning: integer overflow in expression [-Woverflow]
    < (int64_t) (((((int64_t) 1 << N) << N) - 1) * 2 + 2))];
                                                     ^
conftest.c:64:58: error: size of array 'test_array' is negative
    < (int64_t) (((((int64_t) 1 << N) << N) - 1) * 2 + 2))];
                                                          ^
configure:4986: $? = 1
configure: failed program was:
| /* confdefs.h */
| #define PACKAGE_NAME "sort-merge-joins"
| #define PACKAGE_TARNAME "sort-merge-joins"
| #define PACKAGE_VERSION "1.4"
| #define PACKAGE_STRING "sort-merge-joins 1.4"
| #define PACKAGE_BUGREPORT "cagri.balkesen@inf.ethz.ch"
| #define PACKAGE_URL ""
| #define PACKAGE "sort-merge-joins"
| #define VERSION "1.4"
| #define STDC_HEADERS 1
| #define HAVE_SYS_TYPES_H 1
| #define HAVE_SYS_STAT_H 1
| #define HAVE_STDLIB_H 1
| #define HAVE_STRING_H 1
| #define HAVE_MEMORY_H 1
| #define HAVE_STRINGS_H 1
| #define HAVE_INTTYPES_H 1
| #define HAVE_STDINT_H 1
| #define HAVE_UNISTD_H 1
| #define HAVE_STDINT_H 1
| #define HAVE_STDLIB_H 1
| #define HAVE_STRING_H 1
| #define HAVE_SYS_TIME_H 1
| #define HAVE_UNISTD_H 1
| /* end confdefs.h.  */
| #include <stdio.h>
| #ifdef HAVE_SYS_TYPES_H
| # include <sys/types.h>
| #endif
| #ifdef HAVE_SYS_STAT_H
| # include <sys/stat.h>
| #endif
| #ifdef STDC_HEADERS
| # include <stdlib.h>
| # include <stddef.h>
| #else
| # ifdef HAVE_STDLIB_H
| #  include <stdlib.h>
| # endif
| #endif
| #ifdef HAVE_STRING_H
| # if !defined STDC_HEADERS && defined HAVE_MEMORY_H
| #  include <memory.h>
| # endif
| # include <string.h>
| #endif
| #ifdef HAVE_STRINGS_H
| # include <strings.h>
| #endif
| #ifdef HAVE_INTTYPES_H
| # include <inttypes.h>
| #endif
| #ifdef HAVE_STDINT_H
| # include <stdint.h>
| #endif
| #ifdef HAVE_UNISTD_H
| # include <unistd.h>
| #endif
| 	        enum { N = 64 / 2 - 1 };
| int
| main ()
| {
| static int test_array [1 - 2 * !((int64_t) (((((int64_t) 1 << N) << N) - 1) * 2 + 1)
| 		 < (int64_t) (((((int64_t) 1 << N) << N) - 1) * 2 + 2))];
| test_array [0] = 0;
| return test_array [0];
| 
|   ;
|   return 0;
| }
configure:4986: result: yes
configure:4997: checking for C/C++ restrict keyword
configure:5022: c++ -c -g -O2  conftest.c >&5
configure:5022: $? = 0
configure:5030: result: __restrict
configure:5043: checking for size_t
configure:5043: c++ -c -g -O2  conftest.c >&5
configure:5043: $? = 0
configure:5043: c++ -c -g -O2  conftest.c >&5
conftest.c: In function 'int main()':
conftest.c:63:20: error: expected primary-expression before ')' token
 if (sizeof ((size_t)))
                    ^
configure:5043: $? = 1
configure: failed program was:
| /* confdefs.h */
| #define PACKAGE_NAME "sort-merge-joins"
| #define PACKAGE_TARNAME "sort-merge-joins"
| #define PACKAGE_VERSION "1.4"
| #define PACKAGE_STRING "sort-merge-joins 1.4"
| #define PACKAGE_BUGREPORT "cagri.balkesen@inf.ethz.ch"
| #define PACKAGE_URL ""
| #define PACKAGE "sort-merge-joins"
| #define VERSION "1.4"
| #define STDC_HEADERS 1
| #define HAVE_SYS_TYPES_H 1
| #define HAVE_SYS_STAT_H 1
| #define HAVE_STDLIB_H 1
| #define HAVE_STRING_H 1
| #define HAVE_MEMORY_H 1
| #define HAVE_STRINGS_H 1
| #define HAVE_INTTYPES_H 1
| #define HAVE_STDINT_H 1
| #define HAVE_UNISTD_H 1
| #define HAVE_STDINT_H 1
| #define HAVE_STDLIB_H 1
| #define HAVE_STRING_H 1
| #define HAVE_SYS_TIME_H 1
| #define HAVE_UNISTD_H 1
| #define restrict __restrict
| /* end confdefs.h.  */
| #include <stdio.h>
| #ifdef HAVE_SYS_TYPES_H
| # include <sys/types.h>
| #endif
| #ifdef HAVE_SYS_STAT_H
| # include <sys/stat.h>
| #endif
| #ifdef STDC_HEADERS
| # include <stdlib.h>
| # include <stddef.h>
| #else
| # ifdef HAVE_STDLIB_H
| #  include <stdlib.h>
| # endif
| #endif
| #ifdef HAVE_STRING_H
| # if !defined STDC_HEADERS && defined HAVE_MEMORY_H
| #  include <memory.h>
| # endif
| # include <string.h>
| #endif
| #ifdef HAVE_STRINGS_H
| # include <strings.h>
| #endif
| #ifdef HAVE_INTTYPES_H
| # include <inttypes.h>
| #endif
| #ifdef HAVE_STDINT_H
| # include <stdint.h>
| #endif
| #ifdef HAVE_UNISTD_H
| # include <unistd.h>
| #endif
| int
| main ()
| {
| if (sizeof ((size_t)))
| 	    return 0;
|   ;
|   return 0;
| }
configure:5043: result: yes
configure:5054: checking for uint32_t
configure:5054: c++ -c -g -O2  conftest.c >&5
configure:5054: $? = 0
configure:5054: result: yes
configure:5068: checking for uint64_t
configure:5068: c++ -c -g -O2  conftest.c >&5
configure:5068: $? = 0
configure:5068: result: yes
configure:5082: checking for uint8_t
configure:5082: c++ -c -g -O2  conftest.c >&5
configure:5082: $? = 0
configure:5082: result: yes
configure:5098: checking for pow in -lm
configure:5123: c++ -o conftest -g -O2   conftest.c -lm   >&5
configure:5123: $? = 0
configure:5132: result: yes
configure:5148: checking for pthread_mutex_init in -lpthread
configure:5173: c++ -o conftest -g -O2   conftest.c -lpthread  -lm  >&5
configure:5173: $? = 0
configure:5182: result: yes
configure:5196: checking for numa_num_configured_nodes in -lnuma
configure:5221: c++ -o conftest -g -O2   conftest.c -lnuma  -lpthread -lm  >&5
/usr/bin/ld: cannot find -lnuma
collect2: error: ld returned 1 exit status
configure:5221: $? = 1
configure: failed program was:
| /* confdefs.h */
| #define PACKAGE_NAME "sort-merge-joins"
| #define PACKAGE_TARNAME "sort-merge-joins"
| #define PACKAGE_VERSION "1.4"
| #define PACKAGE_STRING "sort-merge-joins 1.4"
| #define PACKAGE_BUGREPORT "cagri.balkesen@inf.ethz.ch"
| #define PACKAGE_URL ""
| #define PACKAGE "sort-merge-joins"
| #define VERSION "1.4"
| #define STDC_HEADERS 1
| #define HAVE_SYS_TYPES_H 1
| #define HAVE_SYS_STAT_H 1
| #define HAVE_STDLIB_H 1
| #define HAVE_STRING_H 1
| #define HAVE_MEMORY_H 1
| #define HAVE_STRINGS_H 1
| #define HAVE_INTTYPES_H 1
| #define HAVE_STDINT_H 1
| #define HAVE_UNISTD_H 1
| #define HAVE_STDINT_H 1
| #define HAVE_STDLIB_H 1
| #define HAVE_STRING_H 1
| #define HAVE_SYS_TIME_H 1
| #define HAVE_UNISTD_H 1
| #define restrict __restrict
| #define HAVE_LIBM 1
| #define HAVE_LIBPTHREAD 1
| /* end confdefs.h.  */
| 
| /* Override any GCC internal prototype to avoid an error.
|    Use char because int might match the return type of a GCC
|    builtin and then its argument prototype would still apply.  */
| #ifdef __cplusplus
| extern "C"
| #endif
| char numa_num_configured_nodes ();
| int
| main ()
| {
| return numa_num_configured_nodes ();
|   ;
|   return 0;
| }
configure:5230: result: no
configure:5235: WARNING: libNUMA not found will use cpu-mapping.txt or round-robin
configure:5250: checking for error_at_line
configure:5266: c++ -o conftest -g -O2   conftest.c -lpthread -lm  >&5
configure:5266: $? = 0
configure:5274: result: yes
configure:5287: checking for stdlib.h
configure:5287: result: yes
configure:5297: checking for GNU libc compatible malloc
configure:5321: c++ -o conftest -g -O2   conftest.c -lpthread -lm  >&5
configure:5321: $? = 0
configure:5321: ./conftest
configure:5321: $? = 0
configure:5331: result: yes
configure:5355: checking for gettimeofday
configure:5355: c++ -o conftest -g -O2   conftest.c -lpthread -lm  >&5
configure:5355: $? = 0
configure:5355: result: yes
configure:5355: checking for memset
configure:5355: c++ -o conftest -g -O2   conftest.c -lpthread -lm  >&5
configure:5355: $? = 0
configure:5355: result: yes
configure:5355: checking for pow
configure:5355: c++ -o conftest -g -O2   conftest.c -lpthread -lm  >&5
configure:5355: $? = 0
configure:5355: result: yes
configure:5367: checking for pthread_attr_setaffinity_np
configure:5367: c++ -o conftest -g -O2   conftest.c -lpthread -lm  >&5
configure:5367: $? = 0
configure:5367: result: yes
configure:5367: checking for pthread_barrier_wait
configure:5367: c++ -o conftest -g -O2   conftest.c -lpthread -lm  >&5
configure:5367: $? = 0
configure:5367: result: yes
configure:5487: WARNING: AM_PATH_CHECK() is deprecated
configure:5489: WARNING: use PKG_CHECK_MODULES([CHECK], [check >= 0.9.4]) instead
configure:5500: checking for check - version >= 0.9.12
configure:5576: c++ -c -g -O2   conftest.c >&5
configure:5576: $? = 0
configure:5587: result: yes
configure:5676: c++ -o conftest -g -O2   conftest.c -lpthread -lm  >&5
configure:5676: $? = 0
configure:5676: ./conftest
configure:5676: $? = 0
configure:5806: checking that generated files are newer than configure
configure:5812: result: done
configure:5871: creating ./config.status

## ---------------------- ##
## Running config.status. ##
## ---------------------- ##

This file was extended by sort-merge-joins config.status 1.4, which was
generated by GNU Autoconf 2.69.  Invocation command line was

  CONFIG_FILES    = 
  CONFIG_HEADERS  = 
  CONFIG_LINKS    = 
  CONFIG_COMMANDS = 
  $ ./config.status 

on debian

config.status:893: creating Makefile
config.status:893: creating src/Makefile
config.status:893: creating tests/Makefile
config.status:893: creating config.h
config.status:1074: config.h is unchanged
config.status:1122: executing depfiles commands

## ---------------- ##
## Cache variables. ##
## ---------------- ##

ac_cv_c_compiler_gnu=yes
ac_cv_c_inline=inline
ac_cv_c_int16_t=yes
ac_cv_c_int32_t=yes
ac_cv_c_int64_t=yes
ac_cv_c_restrict=__restrict
ac_cv_c_uint32_t=yes
ac_cv_c_uint64_t=yes
ac_cv_c_uint8_t=yes
ac_cv_cxx_compiler_gnu=yes
ac_cv_env_CCC_set=
ac_cv_env_CCC_value=
ac_cv_env_CC_set=set
ac_cv_env_CC_value=c++
ac_cv_env_CFLAGS_set=
ac_cv_env_CFLAGS_value=
ac_cv_env_CPPFLAGS_set=
ac_cv_env_CPPFLAGS_value=
ac_cv_env_CPP_set=
ac_cv_env_CPP_value=
ac_cv_env_CXXFLAGS_set=
ac_cv_env_CXXFLAGS_value=
ac_cv_env_CXX_set=
ac_cv_env_CXX_value=
ac_cv_env_LDFLAGS_set=
ac_cv_env_LDFLAGS_value=
ac_cv_env_LIBS_set=
ac_cv_env_LIBS_value=
ac_cv_env_build_alias_set=
ac_cv_env_build_alias_value=
ac_cv_env_host_alias_set=
ac_cv_env_host_alias_value=
ac_cv_env_target_alias_set=
ac_cv_env_target_alias_value=
ac_cv_func_gettimeofday=yes
ac_cv_func_malloc_0_nonnull=yes
ac_cv_func_memset=yes
ac_cv_func_pow=yes
ac_cv_func_pthread_attr_setaffinity_np=yes
ac_cv_func_pthread_barrier_wait=yes
ac_cv_header_inttypes_h=yes
ac_cv_header_memory_h=yes
ac_cv_header_stdc=yes
ac_cv_header_stdint_h=yes
ac_cv_header_stdlib_h=yes
ac_cv_header_string_h=yes
ac_cv_header_strings_h=yes
ac_cv_header_sys_stat_h=yes
ac_cv_header_sys_time_h=yes
ac_cv_header_sys_types_h=yes
ac_cv_header_unistd_h=yes
ac_cv_lib_error_at_line=yes
ac_cv_lib_m_pow=yes
ac_cv_lib_numa_numa_num_configured_nodes=no
ac_cv_lib_pthread_pthread_mutex_init=yes
ac_cv_objext=o
ac_cv_path_EGREP='/bin/grep -E'
ac_cv_path_GREP=/bin/grep
ac_cv_path_install='/usr/bin/install -c'
ac_cv_path_mkdir=/bin/mkdir
ac_cv_prog_AWK=mawk
ac_cv_prog_CPP='c++ -E'
ac_cv_prog_ac_ct_CC=c++
ac_cv_prog_ac_ct_CXX=g++
ac_cv_prog_cc_c89=no
ac_cv_prog_cc_c___c_o=yes
ac_cv_prog_cc_g=yes
ac_cv_prog_cxx_g=yes
ac_cv_prog_make_make_set=yes
ac_cv_type_size_t=yes
am_cv_CC_dependencies_compiler_type=gcc3
am_cv_CXX_dependencies_compiler_type=gcc3
am_cv_make_support_nested_variables=yes

## ----------------- ##
## Output variables. ##
## ----------------- ##

ACLOCAL='${SHELL} /root/sort-merge-joins-1.4/missing aclocal-1.13'
AMDEPBACKSLASH='\'
AMDEP_FALSE='#'
AMDEP_TRUE=''
AMTAR='$${TAR-tar}'
AM_BACKSLASH='\'
AM_DEFAULT_V='$(AM_DEFAULT_VERBOSITY)'
AM_DEFAULT_VERBOSITY='1'
AM_V='$(V)'
AUTOCONF='${SHELL} /root/sort-merge-joins-1.4/missing autoconf'
AUTOHEADER='${SHELL} /root/sort-merge-joins-1.4/missing autoheader'
AUTOMAKE='${SHELL} /root/sort-merge-joins-1.4/missing automake-1.13'
AWK='mawk'
CC='c++'
CCDEPMODE='depmode=gcc3'
CFLAGS='-g -O2'
CHECK_CFLAGS=''
CHECK_LIBS='-lcheck'
CPP='c++ -E'
CPPFLAGS=''
CXX='g++'
CXXDEPMODE='depmode=gcc3'
CXXFLAGS='-g -O2'
CYGPATH_W='echo'
DEBUG_FALSE=''
DEBUG_TRUE='#'
DEFS='-DHAVE_CONFIG_H'
DEPDIR='.deps'
ECHO_C=''
ECHO_N='-n'
ECHO_T=''
EGREP='/bin/grep -E'
EXEEXT=''
GREP='/bin/grep'
HAVE_AVX_FALSE='#'
HAVE_AVX_TRUE=''
HAVE_NUMA_FALSE=''
HAVE_NUMA_TRUE='#'
INSTALL_DATA='${INSTALL} -m 644'
INSTALL_PROGRAM='${INSTALL}'
INSTALL_SCRIPT='${INSTALL}'
INSTALL_STRIP_PROGRAM='$(install_sh) -c -s'
JOIN_MATERIALIZE_FALSE=''
JOIN_MATERIALIZE_TRUE='#'
KEY_8B_FALSE=''
KEY_8B_TRUE='#'
LDFLAGS=''
LIBOBJS=''
LIBS='-lpthread -lm '
LTLIBOBJS=''
MAKEINFO='${SHELL} /root/sort-merge-joins-1.4/missing makeinfo'
MKDIR_P='/bin/mkdir -p'
NOTIMING_FALSE=''
NOTIMING_TRUE='#'
OBJEXT='o'
PACKAGE='sort-merge-joins'
PACKAGE_BUGREPORT='cagri.balkesen@inf.ethz.ch'
PACKAGE_NAME='sort-merge-joins'
PACKAGE_STRING='sort-merge-joins 1.4'
PACKAGE_TARNAME='sort-merge-joins'
PACKAGE_URL=''
PACKAGE_VERSION='1.4'
PATH_SEPARATOR=':'
PERF_COUNTERS_FALSE=''
PERF_COUNTERS_TRUE='#'
PERSIST_RELATIONS_FALSE=''
PERSIST_RELATIONS_TRUE='#'
SET_MAKE=''
SHELL='/bin/bash'
STRIP=''
VERSION='1.4'
ac_ct_CC='c++'
ac_ct_CXX='g++'
am__EXEEXT_FALSE=''
am__EXEEXT_TRUE='#'
am__fastdepCC_FALSE='#'
am__fastdepCC_TRUE=''
am__fastdepCXX_FALSE='#'
am__fastdepCXX_TRUE=''
am__include='include'
am__isrc=''
am__leading_dot='.'
am__nodep='_no'
am__quote=''
am__tar='$${TAR-tar} chof - "$$tardir"'
am__untar='$${TAR-tar} xf -'
bindir='${exec_prefix}/bin'
build_alias=''
datadir='${datarootdir}'
datarootdir='${prefix}/share'
docdir='${datarootdir}/doc/${PACKAGE_TARNAME}'
dvidir='${docdir}'
exec_prefix='${prefix}'
host_alias=''
htmldir='${docdir}'
includedir='${prefix}/include'
infodir='${datarootdir}/info'
install_sh='${SHELL} /root/sort-merge-joins-1.4/install-sh'
libdir='${exec_prefix}/lib'
libexecdir='${exec_prefix}/libexec'
localedir='${datarootdir}/locale'
localstatedir='${prefix}/var'
mandir='${datarootdir}/man'
mkdir_p='$(MKDIR_P)'
oldincludedir='/usr/include'
pdfdir='${docdir}'
prefix='/usr/local'
program_transform_name='s,x,x,'
psdir='${docdir}'
sbindir='${exec_prefix}/sbin'
sharedstatedir='${prefix}/com'
sysconfdir='${prefix}/etc'
target_alias=''

## ----------- ##
## confdefs.h. ##
## ----------- ##

/* confdefs.h */
#define PACKAGE_NAME "sort-merge-joins"
#define PACKAGE_TARNAME "sort-merge-joins"
#define PACKAGE_VERSION "1.4"
#define PACKAGE_STRING "sort-merge-joins 1.4"
#define PACKAGE_BUGREPORT "cagri.balkesen@inf.ethz.ch"
#define PACKAGE_URL ""
#define PACKAGE "sort-merge-joins"
#define VERSION "1.4"
#define STDC_HEADERS 1
#define HAVE_SYS_TYPES_H 1
#define HAVE_SYS_STAT_H 1
#define HAVE_STDLIB_H 1
#define HAVE_STRING_H 1
#define HAVE_MEMORY_H 1
#define HAVE_STRINGS_H 1
#define HAVE_INTTYPES_H 1
#define HAVE_STDINT_H 1
#define HAVE_UNISTD_H 1
#define HAVE_STDINT_H 1
#define HAVE_STDLIB_H 1
#define HAVE_STRING_H 1
#define HAVE_SYS_TIME_H 1
#define HAVE_UNISTD_H 1
#define restrict __restrict
#define HAVE_LIBM 1
#define HAVE_LIBPTHREAD 1
#define HAVE_STDLIB_H 1
#define HAVE_MALLOC 1
#define HAVE_GETTIMEOFDAY 1
#define HAVE_MEMSET 1
#define HAVE_POW 1
#define HAVE_PTHREAD_ATTR_SETAFFINITY_NP 1
#define HAVE_PTHREAD_BARRIER_WAIT 1

configure: exit 0
