[dbg] debug positive/negetive sort:
[dbg] breakpoint at ../src/avxsort/avxsort.c 132
[dbg] breakpoint at ../src/avxsort/avxsort.c 150
[dbg] breakpoint at ../src/avxsort/avxsort_core.h 2182
[dbg] dumping out the array for outlen=32
[dbg] index: 0 		 value: -31
[dbg] index: 1 		 value: -30
[dbg] index: 2 		 value: -29
[dbg] index: 3 		 value: -28
[dbg] index: 4 		 value: -27
[dbg] index: 5 		 value: -26
[dbg] index: 6 		 value: -25
[dbg] index: 7 		 value: -24
[dbg] index: 8 		 value: -23
[dbg] index: 9 		 value: -22
[dbg] index: 10 		 value: -21
[dbg] index: 11 		 value: -20
[dbg] index: 12 		 value: -19
[dbg] index: 13 		 value: -18
[dbg] index: 14 		 value: -17
[dbg] index: 15 		 value: -16
[dbg] index: 16 		 value: -15
[dbg] index: 17 		 value: -14
[dbg] index: 18 		 value: -13
[dbg] index: 19 		 value: -12
[dbg] index: 20 		 value: -11
[dbg] index: 21 		 value: -10
[dbg] index: 22 		 value: -9
[dbg] index: 23 		 value: -8
[dbg] index: 24 		 value: -7
[dbg] index: 25 		 value: -6
[dbg] index: 26 		 value: -5
[dbg] index: 27 		 value: -4
[dbg] index: 28 		 value: -3
[dbg] index: 29 		 value: -2
[dbg] index: 30 		 value: -1
[dbg] index: 31 		 value: 0

[dbg] index: 32 		 value: -63
[dbg] index: 33 		 value: -62
[dbg] index: 34 		 value: -61
[dbg] index: 35 		 value: -60
[dbg] index: 36 		 value: -59
[dbg] index: 37 		 value: -58
[dbg] index: 38 		 value: -57
[dbg] index: 39 		 value: -56
[dbg] index: 40 		 value: -55
[dbg] index: 41 		 value: -54
[dbg] index: 42 		 value: -53
[dbg] index: 43 		 value: -52
[dbg] index: 44 		 value: -51
[dbg] index: 45 		 value: -50
[dbg] index: 46 		 value: -49
[dbg] index: 47 		 value: -48
[dbg] index: 48 		 value: -47
[dbg] index: 49 		 value: -46
[dbg] index: 50 		 value: -45
[dbg] index: 51 		 value: -44
[dbg] index: 52 		 value: -43
[dbg] index: 53 		 value: -42
[dbg] index: 54 		 value: -41
[dbg] index: 55 		 value: -40
[dbg] index: 56 		 value: -39
[dbg] index: 57 		 value: -38
[dbg] index: 58 		 value: -37
[dbg] index: 59 		 value: -36
[dbg] index: 60 		 value: -35
[dbg] index: 61 		 value: -34
[dbg] index: 62 		 value: -33
[dbg] index: 63 		 value: -32

[dbg] index: 64 		 value: -95
[dbg] index: 65 		 value: -94
[dbg] index: 66 		 value: -93
[dbg] index: 67 		 value: -92
[dbg] index: 68 		 value: -91
[dbg] index: 69 		 value: -90
[dbg] index: 70 		 value: -89
[dbg] index: 71 		 value: -88
[dbg] index: 72 		 value: -87
[dbg] index: 73 		 value: -86
[dbg] index: 74 		 value: -85
[dbg] index: 75 		 value: -84
[dbg] index: 76 		 value: -83
[dbg] index: 77 		 value: -82
[dbg] index: 78 		 value: -81
[dbg] index: 79 		 value: -80
[dbg] index: 80 		 value: -79
[dbg] index: 81 		 value: -78
[dbg] index: 82 		 value: -77
[dbg] index: 83 		 value: -76
[dbg] index: 84 		 value: -75
[dbg] index: 85 		 value: -74
[dbg] index: 86 		 value: -73
[dbg] index: 87 		 value: -72
[dbg] index: 88 		 value: -71
[dbg] index: 89 		 value: -70
[dbg] index: 90 		 value: -69
[dbg] index: 91 		 value: -68
[dbg] index: 92 		 value: -67
[dbg] index: 93 		 value: -66
[dbg] index: 94 		 value: -65
[dbg] index: 95 		 value: -64

[dbg] index: 96 		 value: -127
[dbg] index: 97 		 value: -126
[dbg] index: 98 		 value: -125
[dbg] index: 99 		 value: -124
[dbg] index: 100 		 value: -123
[dbg] index: 101 		 value: -122
[dbg] index: 102 		 value: -121
[dbg] index: 103 		 value: -120
[dbg] index: 104 		 value: -119
[dbg] index: 105 		 value: -118
[dbg] index: 106 		 value: -117
[dbg] index: 107 		 value: -116
[dbg] index: 108 		 value: -115
[dbg] index: 109 		 value: -114
[dbg] index: 110 		 value: -113
[dbg] index: 111 		 value: -112
[dbg] index: 112 		 value: -111
[dbg] index: 113 		 value: -110
[dbg] index: 114 		 value: -109
[dbg] index: 115 		 value: -108
[dbg] index: 116 		 value: -107
[dbg] index: 117 		 value: -106
[dbg] index: 118 		 value: -105
[dbg] index: 119 		 value: -104
[dbg] index: 120 		 value: -103
[dbg] index: 121 		 value: -102
[dbg] index: 122 		 value: -101
[dbg] index: 123 		 value: -100
[dbg] index: 124 		 value: -99
[dbg] index: 125 		 value: -98
[dbg] index: 126 		 value: -97
[dbg] index: 127 		 value: -96

[dbg] index: 128 		 value: -159
[dbg] index: 129 		 value: -158
[dbg] index: 130 		 value: -157
[dbg] index: 131 		 value: -156
[dbg] index: 132 		 value: -155
[dbg] index: 133 		 value: -154
[dbg] index: 134 		 value: -153
[dbg] index: 135 		 value: -152
[dbg] index: 136 		 value: -151
[dbg] index: 137 		 value: -150
[dbg] index: 138 		 value: -149
[dbg] index: 139 		 value: -148
[dbg] index: 140 		 value: -147
[dbg] index: 141 		 value: -146
[dbg] index: 142 		 value: -145
[dbg] index: 143 		 value: -144
[dbg] index: 144 		 value: -143
[dbg] index: 145 		 value: -142
[dbg] index: 146 		 value: -141
[dbg] index: 147 		 value: -140
[dbg] index: 148 		 value: -139
[dbg] index: 149 		 value: -138
[dbg] index: 150 		 value: -137
[dbg] index: 151 		 value: -136
[dbg] index: 152 		 value: -135
[dbg] index: 153 		 value: -134
[dbg] index: 154 		 value: -133
[dbg] index: 155 		 value: -132
[dbg] index: 156 		 value: -131
[dbg] index: 157 		 value: -130
[dbg] index: 158 		 value: -129
[dbg] index: 159 		 value: -128

[dbg] index: 160 		 value: -191
[dbg] index: 161 		 value: -190
[dbg] index: 162 		 value: -189
[dbg] index: 163 		 value: -188
[dbg] index: 164 		 value: -187
[dbg] index: 165 		 value: -186
[dbg] index: 166 		 value: -185
[dbg] index: 167 		 value: -184
[dbg] index: 168 		 value: -183
[dbg] index: 169 		 value: -182
[dbg] index: 170 		 value: -181
[dbg] index: 171 		 value: -180
[dbg] index: 172 		 value: -179
[dbg] index: 173 		 value: -178
[dbg] index: 174 		 value: -177
[dbg] index: 175 		 value: -176
[dbg] index: 176 		 value: -175
[dbg] index: 177 		 value: -174
[dbg] index: 178 		 value: -173
[dbg] index: 179 		 value: -172
[dbg] index: 180 		 value: -171
[dbg] index: 181 		 value: -170
[dbg] index: 182 		 value: -169
[dbg] index: 183 		 value: -168
[dbg] index: 184 		 value: -167
[dbg] index: 185 		 value: -166
[dbg] index: 186 		 value: -165
[dbg] index: 187 		 value: -164
[dbg] index: 188 		 value: -163
[dbg] index: 189 		 value: -162
[dbg] index: 190 		 value: -161
[dbg] index: 191 		 value: -160

[dbg] index: 192 		 value: -223
[dbg] index: 193 		 value: -222
[dbg] index: 194 		 value: -221
[dbg] index: 195 		 value: -220
[dbg] index: 196 		 value: -219
[dbg] index: 197 		 value: -218
[dbg] index: 198 		 value: -217
[dbg] index: 199 		 value: -216
[dbg] index: 200 		 value: -215
[dbg] index: 201 		 value: -214
[dbg] index: 202 		 value: -213
[dbg] index: 203 		 value: -212
[dbg] index: 204 		 value: -211
[dbg] index: 205 		 value: -210
[dbg] index: 206 		 value: -209
[dbg] index: 207 		 value: -208
[dbg] index: 208 		 value: -207
[dbg] index: 209 		 value: -206
[dbg] index: 210 		 value: -205
[dbg] index: 211 		 value: -204
[dbg] index: 212 		 value: -203
[dbg] index: 213 		 value: -202
[dbg] index: 214 		 value: -201
[dbg] index: 215 		 value: -200
[dbg] index: 216 		 value: -199
[dbg] index: 217 		 value: -198
[dbg] index: 218 		 value: -197
[dbg] index: 219 		 value: -196
[dbg] index: 220 		 value: -195
[dbg] index: 221 		 value: -194
[dbg] index: 222 		 value: -193
[dbg] index: 223 		 value: -192

[dbg] index: 224 		 value: -255
[dbg] index: 225 		 value: -254
[dbg] index: 226 		 value: -253
[dbg] index: 227 		 value: -252
[dbg] index: 228 		 value: -251
[dbg] index: 229 		 value: -250
[dbg] index: 230 		 value: -249
[dbg] index: 231 		 value: -248
[dbg] index: 232 		 value: -247
[dbg] index: 233 		 value: -246
[dbg] index: 234 		 value: -245
[dbg] index: 235 		 value: -244
[dbg] index: 236 		 value: -243
[dbg] index: 237 		 value: -242
[dbg] index: 238 		 value: -241
[dbg] index: 239 		 value: -240
[dbg] index: 240 		 value: -239
[dbg] index: 241 		 value: -238
[dbg] index: 242 		 value: -237
[dbg] index: 243 		 value: -236
[dbg] index: 244 		 value: -235
[dbg] index: 245 		 value: -234
[dbg] index: 246 		 value: -233
[dbg] index: 247 		 value: -232
[dbg] index: 248 		 value: -231
[dbg] index: 249 		 value: -230
[dbg] index: 250 		 value: -229
[dbg] index: 251 		 value: -228
[dbg] index: 252 		 value: -227
[dbg] index: 253 		 value: -226
[dbg] index: 254 		 value: -225
[dbg] index: 255 		 value: -224
[dbg] examine the output array for outlen=32
[dbg] breakpoint at ../src/avxsort/avxsort_core.h 2182
[dbg] dumping out the array for outlen=64
[dbg] index: 0 		 value: -63
[dbg] index: 1 		 value: -62
[dbg] index: 2 		 value: -61
[dbg] index: 3 		 value: -60
[dbg] index: 4 		 value: -59
[dbg] index: 5 		 value: -58
[dbg] index: 6 		 value: -57
[dbg] index: 7 		 value: -56
[dbg] index: 8 		 value: -55
[dbg] index: 9 		 value: -54
[dbg] index: 10 		 value: -53
[dbg] index: 11 		 value: -52
[dbg] index: 12 		 value: -51
[dbg] index: 13 		 value: -50
[dbg] index: 14 		 value: -49
[dbg] index: 15 		 value: -48
[dbg] index: 16 		 value: -31
[dbg] index: 17 		 value: -30
[dbg] index: 18 		 value: -29
[dbg] index: 19 		 value: -28
[dbg] index: 20 		 value: -27
[dbg] index: 21 		 value: -26
[dbg] index: 22 		 value: -25
[dbg] index: 23 		 value: -24
[dbg] index: 24 		 value: -23
[dbg] index: 25 		 value: -22
[dbg] index: 26 		 value: -21
[dbg] index: 27 		 value: -20
[dbg] index: 28 		 value: -19
[dbg] index: 29 		 value: -18
[dbg] index: 30 		 value: -17
[dbg] index: 31 		 value: -16
[dbg] index: 32 		 value: -47
[dbg] index: 33 		 value: -46
[dbg] index: 34 		 value: -45
[dbg] index: 35 		 value: -44
[dbg] index: 36 		 value: -43
[dbg] index: 37 		 value: -42
[dbg] index: 38 		 value: -41
[dbg] index: 39 		 value: -40
[dbg] index: 40 		 value: -39
[dbg] index: 41 		 value: -38
[dbg] index: 42 		 value: -37
[dbg] index: 43 		 value: -36
[dbg] index: 44 		 value: -35
[dbg] index: 45 		 value: -34
[dbg] index: 46 		 value: -33
[dbg] index: 47 		 value: -32
[dbg] index: 48 		 value: -15
[dbg] index: 49 		 value: -14
[dbg] index: 50 		 value: -13
[dbg] index: 51 		 value: -12
[dbg] index: 52 		 value: -11
[dbg] index: 53 		 value: -10
[dbg] index: 54 		 value: -9
[dbg] index: 55 		 value: -8
[dbg] index: 56 		 value: -7
[dbg] index: 57 		 value: -6
[dbg] index: 58 		 value: -5
[dbg] index: 59 		 value: -4
[dbg] index: 60 		 value: -3
[dbg] index: 61 		 value: -2
[dbg] index: 62 		 value: -1
[dbg] index: 63 		 value: 0

[dbg] index: 64 		 value: -127
[dbg] index: 65 		 value: -126
[dbg] index: 66 		 value: -125
[dbg] index: 67 		 value: -124
[dbg] index: 68 		 value: -123
[dbg] index: 69 		 value: -122
[dbg] index: 70 		 value: -121
[dbg] index: 71 		 value: -120
[dbg] index: 72 		 value: -119
[dbg] index: 73 		 value: -118
[dbg] index: 74 		 value: -117
[dbg] index: 75 		 value: -116
[dbg] index: 76 		 value: -115
[dbg] index: 77 		 value: -114
[dbg] index: 78 		 value: -113
[dbg] index: 79 		 value: -112
[dbg] index: 80 		 value: -95
[dbg] index: 81 		 value: -94
[dbg] index: 82 		 value: -93
[dbg] index: 83 		 value: -92
[dbg] index: 84 		 value: -91
[dbg] index: 85 		 value: -90
[dbg] index: 86 		 value: -89
[dbg] index: 87 		 value: -88
[dbg] index: 88 		 value: -87
[dbg] index: 89 		 value: -86
[dbg] index: 90 		 value: -85
[dbg] index: 91 		 value: -84
[dbg] index: 92 		 value: -83
[dbg] index: 93 		 value: -82
[dbg] index: 94 		 value: -81
[dbg] index: 95 		 value: -80
[dbg] index: 96 		 value: -111
[dbg] index: 97 		 value: -110
[dbg] index: 98 		 value: -109
[dbg] index: 99 		 value: -108
[dbg] index: 100 		 value: -107
[dbg] index: 101 		 value: -106
[dbg] index: 102 		 value: -105
[dbg] index: 103 		 value: -104
[dbg] index: 104 		 value: -103
[dbg] index: 105 		 value: -102
[dbg] index: 106 		 value: -101
[dbg] index: 107 		 value: -100
[dbg] index: 108 		 value: -99
[dbg] index: 109 		 value: -98
[dbg] index: 110 		 value: -97
[dbg] index: 111 		 value: -96
[dbg] index: 112 		 value: -79
[dbg] index: 113 		 value: -78
[dbg] index: 114 		 value: -77
[dbg] index: 115 		 value: -76
[dbg] index: 116 		 value: -75
[dbg] index: 117 		 value: -74
[dbg] index: 118 		 value: -73
[dbg] index: 119 		 value: -72
[dbg] index: 120 		 value: -71
[dbg] index: 121 		 value: -70
[dbg] index: 122 		 value: -69
[dbg] index: 123 		 value: -68
[dbg] index: 124 		 value: -67
[dbg] index: 125 		 value: -66
[dbg] index: 126 		 value: -65
[dbg] index: 127 		 value: -64

[dbg] index: 128 		 value: -191
[dbg] index: 129 		 value: -190
[dbg] index: 130 		 value: -189
[dbg] index: 131 		 value: -188
[dbg] index: 132 		 value: -187
[dbg] index: 133 		 value: -186
[dbg] index: 134 		 value: -185
[dbg] index: 135 		 value: -184
[dbg] index: 136 		 value: -183
[dbg] index: 137 		 value: -182
[dbg] index: 138 		 value: -181
[dbg] index: 139 		 value: -180
[dbg] index: 140 		 value: -179
[dbg] index: 141 		 value: -178
[dbg] index: 142 		 value: -177
[dbg] index: 143 		 value: -176
[dbg] index: 144 		 value: -159
[dbg] index: 145 		 value: -158
[dbg] index: 146 		 value: -157
[dbg] index: 147 		 value: -156
[dbg] index: 148 		 value: -155
[dbg] index: 149 		 value: -154
[dbg] index: 150 		 value: -153
[dbg] index: 151 		 value: -152
[dbg] index: 152 		 value: -151
[dbg] index: 153 		 value: -150
[dbg] index: 154 		 value: -149
[dbg] index: 155 		 value: -148
[dbg] index: 156 		 value: -147
[dbg] index: 157 		 value: -146
[dbg] index: 158 		 value: -145
[dbg] index: 159 		 value: -144
[dbg] index: 160 		 value: -175
[dbg] index: 161 		 value: -174
[dbg] index: 162 		 value: -173
[dbg] index: 163 		 value: -172
[dbg] index: 164 		 value: -171
[dbg] index: 165 		 value: -170
[dbg] index: 166 		 value: -169
[dbg] index: 167 		 value: -168
[dbg] index: 168 		 value: -167
[dbg] index: 169 		 value: -166
[dbg] index: 170 		 value: -165
[dbg] index: 171 		 value: -164
[dbg] index: 172 		 value: -163
[dbg] index: 173 		 value: -162
[dbg] index: 174 		 value: -161
[dbg] index: 175 		 value: -160
[dbg] index: 176 		 value: -143
[dbg] index: 177 		 value: -142
[dbg] index: 178 		 value: -141
[dbg] index: 179 		 value: -140
[dbg] index: 180 		 value: -139
[dbg] index: 181 		 value: -138
[dbg] index: 182 		 value: -137
[dbg] index: 183 		 value: -136
[dbg] index: 184 		 value: -135
[dbg] index: 185 		 value: -134
[dbg] index: 186 		 value: -133
[dbg] index: 187 		 value: -132
[dbg] index: 188 		 value: -131
[dbg] index: 189 		 value: -130
[dbg] index: 190 		 value: -129
[dbg] index: 191 		 value: -128

[dbg] index: 192 		 value: -255
[dbg] index: 193 		 value: -254
[dbg] index: 194 		 value: -253
[dbg] index: 195 		 value: -252
[dbg] index: 196 		 value: -251
[dbg] index: 197 		 value: -250
[dbg] index: 198 		 value: -249
[dbg] index: 199 		 value: -248
[dbg] index: 200 		 value: -247
[dbg] index: 201 		 value: -246
[dbg] index: 202 		 value: -245
[dbg] index: 203 		 value: -244
[dbg] index: 204 		 value: -243
[dbg] index: 205 		 value: -242
[dbg] index: 206 		 value: -241
[dbg] index: 207 		 value: -240
[dbg] index: 208 		 value: -223
[dbg] index: 209 		 value: -222
[dbg] index: 210 		 value: -221
[dbg] index: 211 		 value: -220
[dbg] index: 212 		 value: -219
[dbg] index: 213 		 value: -218
[dbg] index: 214 		 value: -217
[dbg] index: 215 		 value: -216
[dbg] index: 216 		 value: -215
[dbg] index: 217 		 value: -214
[dbg] index: 218 		 value: -213
[dbg] index: 219 		 value: -212
[dbg] index: 220 		 value: -211
[dbg] index: 221 		 value: -210
[dbg] index: 222 		 value: -209
[dbg] index: 223 		 value: -208
[dbg] index: 224 		 value: -239
[dbg] index: 225 		 value: -238
[dbg] index: 226 		 value: -237
[dbg] index: 227 		 value: -236
[dbg] index: 228 		 value: -235
[dbg] index: 229 		 value: -234
[dbg] index: 230 		 value: -233
[dbg] index: 231 		 value: -232
[dbg] index: 232 		 value: -231
[dbg] index: 233 		 value: -230
[dbg] index: 234 		 value: -229
[dbg] index: 235 		 value: -228
[dbg] index: 236 		 value: -227
[dbg] index: 237 		 value: -226
[dbg] index: 238 		 value: -225
[dbg] index: 239 		 value: -224
[dbg] index: 240 		 value: -207
[dbg] index: 241 		 value: -206
[dbg] index: 242 		 value: -205
[dbg] index: 243 		 value: -204
[dbg] index: 244 		 value: -203
[dbg] index: 245 		 value: -202
[dbg] index: 246 		 value: -201
[dbg] index: 247 		 value: -200
[dbg] index: 248 		 value: -199
[dbg] index: 249 		 value: -198
[dbg] index: 250 		 value: -197
[dbg] index: 251 		 value: -196
[dbg] index: 252 		 value: -195
[dbg] index: 253 		 value: -194
[dbg] index: 254 		 value: -193
[dbg] index: 255 		 value: -192
[dbg] examine the output array for outlen=64
[dbg] violation found at 31
[dbg] index: 31 = -16
[dbg] index: 32 = -47
[dbg] violation found at 95
[dbg] index: 95 = -80
[dbg] index: 96 = -111
[dbg] violation found at 159
[dbg] index: 159 = -144
[dbg] index: 160 = -175
[dbg] violation found at 223
[dbg] index: 223 = -208
[dbg] index: 224 = -239
[dbg] breakpoint at ../src/avxsort/avxsort_core.h 2282
[dbg]	1
[dbg]	2
[dbg] breakpoint at ../src/avxsort/avxsort.c 166
[dbg] dumping out sorted array:
[dbg] verifying the array: [dbg] Out of order at: 
	INDEX: 63 PTR: 32 KEY: -32
	INDEX: 64 PTR: 95 KEY: -95
